<?xml version="1.0" encoding="UTF-8"?>
<!-- Generated by org.testng.reporters.JUnitXMLReporter -->
<testsuite ignored="0" hostname="DESKTOP-0S7GS5U" failures="0" tests="6" name="Command line test" time="99.157" errors="0" timestamp="2020-02-13T23:16:29 ART">
  <testcase classname="search.searchTest" name="Dropdowns" time="2.012"/>
  <testcase classname="search.searchTest" name="authError" time="3.366"/>
  <testcase classname="search.searchTest" name="searchExist" time="1.212"/>
  <testcase classname="search.searchTest" name="searchNoExist" time="1.612"/>
  <testcase classname="search.searchTest" name="summerDress" time="6.321"/>
  <testcase classname="search.searchTest" name="women" time="5.532"/>
</testsuite> <!-- Command line test -->
