<?xml version="1.0" encoding="UTF-8" ?>
<testsuite tests="6" failures="0" name="search.searchTest" time="20.067" errors="0" skipped="0">
  <properties>
[...]
</properties>
  <testcase classname="search.searchTest" name="Dropdowns" time="2.021"/>
  <testcase classname="search.searchTest" name="authError" time="3.367"/>
  <testcase classname="search.searchTest" name="searchExist" time="1.214"/>
  <testcase classname="search.searchTest" name="searchNoExist" time="1.612"/>
  <testcase classname="search.searchTest" name="summerDress" time="6.32"/>
  <testcase classname="search.searchTest" name="women" time="5.533"/>
</testsuite>